{"D:\\neobank_project\\src\\components\\Home\\index.tsx": {"path":"D:\\neobank_project\\src\\components\\Home\\index.tsx","statementMap":{"0":{"start":{"line":1,"column":0},"end":{"line":1,"column":9}},"1":{"start":{"line":1,"column":9},"end":{"line":1,"column":46}},"2":{"start":{"line":2,"column":0},"end":{"line":2,"column":9}},"3":{"start":{"line":2,"column":9},"end":{"line":2,"column":40}},"4":{"start":{"line":3,"column":0},"end":{"line":3,"column":9}},"5":{"start":{"line":3,"column":9},"end":{"line":3,"column":28}},"6":{"start":{"line":4,"column":0},"end":{"line":4,"column":9}},"7":{"start":{"line":4,"column":9},"end":{"line":4,"column":40}},"8":{"start":{"line":5,"column":0},"end":{"line":5,"column":9}},"9":{"start":{"line":5,"column":9},"end":{"line":5,"column":42}},"10":{"start":{"line":6,"column":0},"end":{"line":6,"column":9}},"11":{"start":{"line":6,"column":9},"end":{"line":6,"column":30}}},"fnMap":{"0":{"name":"(anonymous_0)","decl":{"start":{"line":1,"column":9},"end":{"line":1,"column":21}},"loc":{"start":{"line":1,"column":9},"end":{"line":1,"column":46}}},"1":{"name":"(anonymous_1)","decl":{"start":{"line":2,"column":9},"end":{"line":2,"column":18}},"loc":{"start":{"line":2,"column":9},"end":{"line":2,"column":40}}},"2":{"name":"(anonymous_2)","decl":{"start":{"line":3,"column":9},"end":{"line":3,"column":12}},"loc":{"start":{"line":3,"column":9},"end":{"line":3,"column":28}}},"3":{"name":"(anonymous_3)","decl":{"start":{"line":4,"column":9},"end":{"line":4,"column":18}},"loc":{"start":{"line":4,"column":9},"end":{"line":4,"column":40}}},"4":{"name":"(anonymous_4)","decl":{"start":{"line":5,"column":9},"end":{"line":5,"column":19}},"loc":{"start":{"line":5,"column":9},"end":{"line":5,"column":42}}},"5":{"name":"(anonymous_5)","decl":{"start":{"line":6,"column":9},"end":{"line":6,"column":13}},"loc":{"start":{"line":6,"column":9},"end":{"line":6,"column":30}}}},"branchMap":{},"s":{"0":1,"1":1,"2":1,"3":1,"4":1,"5":1,"6":1,"7":8,"8":1,"9":1,"10":1,"11":1},"f":{"0":0,"1":0,"2":0,"3":7,"4":0,"5":0},"b":{}}
,"D:\\neobank_project\\src\\components\\Home\\BankFeatures\\BankFeatures.tsx": {"path":"D:\\neobank_project\\src\\components\\Home\\BankFeatures\\BankFeatures.tsx","statementMap":{"0":{"start":{"line":2,"column":0},"end":{"line":2,"column":44}},"1":{"start":{"line":3,"column":0},"end":{"line":3,"column":47}},"2":{"start":{"line":4,"column":0},"end":{"line":4,"column":29}},"3":{"start":{"line":12,"column":35},"end":{"line":33,"column":null}},"4":{"start":{"line":35,"column":25},"end":{"line":62,"column":1}},"5":{"start":{"line":36,"column":4},"end":{"line":61,"column":6}},"6":{"start":{"line":50,"column":28},"end":{"line":55,"column":30}},"7":{"start":{"line":64,"column":9},"end":{"line":64,"column":21}}},"fnMap":{"0":{"name":"(anonymous_0)","decl":{"start":{"line":35,"column":25},"end":{"line":35,"column":28}},"loc":{"start":{"line":35,"column":30},"end":{"line":62,"column":1}}},"1":{"name":"(anonymous_1)","decl":{"start":{"line":49,"column":37},"end":{"line":49,"column":38}},"loc":{"start":{"line":49,"column":49},"end":{"line":56,"column":25}}}},"branchMap":{},"s":{"0":1,"1":1,"2":1,"3":1,"4":1,"5":0,"6":0,"7":1},"f":{"0":0,"1":0},"b":{}}
,"D:\\neobank_project\\src\\components\\Home\\BankFeatures\\index.tsx": {"path":"D:\\neobank_project\\src\\components\\Home\\BankFeatures\\index.tsx","statementMap":{"0":{"start":{"line":1,"column":0},"end":{"line":1,"column":9}},"1":{"start":{"line":1,"column":9},"end":{"line":1,"column":46}}},"fnMap":{"0":{"name":"(anonymous_0)","decl":{"start":{"line":1,"column":9},"end":{"line":1,"column":21}},"loc":{"start":{"line":1,"column":9},"end":{"line":1,"column":46}}}},"branchMap":{},"s":{"0":1,"1":1},"f":{"0":0},"b":{}}
,"D:\\neobank_project\\src\\components\\Home\\Converter\\Converter.tsx": {"path":"D:\\neobank_project\\src\\components\\Home\\Converter\\Converter.tsx","statementMap":{"0":{"start":{"line":2,"column":0},"end":{"line":2,"column":53}},"1":{"start":{"line":3,"column":0},"end":{"line":3,"column":62}},"2":{"start":{"line":4,"column":0},"end":{"line":4,"column":26}},"3":{"start":{"line":5,"column":0},"end":{"line":5,"column":48}},"4":{"start":{"line":12,"column":35},"end":{"line":46,"column":1}},"5":{"start":{"line":13,"column":4},"end":{"line":45,"column":6}},"6":{"start":{"line":24,"column":20},"end":{"line":29,"column":null}},"7":{"start":{"line":32,"column":20},"end":{"line":37,"column":null}},"8":{"start":{"line":48,"column":9},"end":{"line":48,"column":18}}},"fnMap":{"0":{"name":"(anonymous_0)","decl":{"start":{"line":12,"column":35},"end":{"line":12,"column":36}},"loc":{"start":{"line":12,"column":70},"end":{"line":46,"column":1}}},"1":{"name":"(anonymous_1)","decl":{"start":{"line":23,"column":52},"end":{"line":23,"column":53}},"loc":{"start":{"line":23,"column":80},"end":{"line":30,"column":17}}},"2":{"name":"(anonymous_2)","decl":{"start":{"line":31,"column":60},"end":{"line":31,"column":61}},"loc":{"start":{"line":31,"column":88},"end":{"line":38,"column":17}}}},"branchMap":{"0":{"loc":{"start":{"line":23,"column":16},"end":{"line":38,"column":30}},"type":"cond-expr","locations":[{"start":{"line":23,"column":37},"end":{"line":30,"column":18}},{"start":{"line":31,"column":16},"end":{"line":38,"column":30}}]},"1":{"loc":{"start":{"line":31,"column":16},"end":{"line":38,"column":30}},"type":"cond-expr","locations":[{"start":{"line":31,"column":41},"end":{"line":38,"column":18}},{"start":{"line":38,"column":21},"end":{"line":38,"column":30}}]}},"s":{"0":1,"1":1,"2":1,"3":1,"4":1,"5":0,"6":0,"7":0,"8":1},"f":{"0":0,"1":0,"2":0},"b":{"0":[0,0],"1":[0,0]}}
,"D:\\neobank_project\\src\\components\\Home\\Converter\\index.tsx": {"path":"D:\\neobank_project\\src\\components\\Home\\Converter\\index.tsx","statementMap":{"0":{"start":{"line":1,"column":0},"end":{"line":1,"column":9}},"1":{"start":{"line":1,"column":9},"end":{"line":1,"column":40}}},"fnMap":{"0":{"name":"(anonymous_0)","decl":{"start":{"line":1,"column":9},"end":{"line":1,"column":18}},"loc":{"start":{"line":1,"column":9},"end":{"line":1,"column":40}}}},"branchMap":{},"s":{"0":1,"1":1},"f":{"0":0},"b":{}}
,"D:\\neobank_project\\src\\components\\Home\\Map\\Map.tsx": {"path":"D:\\neobank_project\\src\\components\\Home\\Map\\Map.tsx","statementMap":{"0":{"start":{"line":2,"column":0},"end":{"line":2,"column":41}},"1":{"start":{"line":3,"column":0},"end":{"line":3,"column":20}},"2":{"start":{"line":5,"column":16},"end":{"line":15,"column":1}},"3":{"start":{"line":6,"column":4},"end":{"line":14,"column":6}},"4":{"start":{"line":17,"column":9},"end":{"line":17,"column":12}}},"fnMap":{"0":{"name":"(anonymous_0)","decl":{"start":{"line":5,"column":16},"end":{"line":5,"column":19}},"loc":{"start":{"line":5,"column":21},"end":{"line":15,"column":1}}}},"branchMap":{},"s":{"0":1,"1":1,"2":1,"3":0,"4":1},"f":{"0":0},"b":{}}
,"D:\\neobank_project\\src\\components\\Home\\Map\\index.tsx": {"path":"D:\\neobank_project\\src\\components\\Home\\Map\\index.tsx","statementMap":{"0":{"start":{"line":1,"column":0},"end":{"line":1,"column":9}},"1":{"start":{"line":1,"column":9},"end":{"line":1,"column":28}}},"fnMap":{"0":{"name":"(anonymous_0)","decl":{"start":{"line":1,"column":9},"end":{"line":1,"column":12}},"loc":{"start":{"line":1,"column":9},"end":{"line":1,"column":28}}}},"branchMap":{},"s":{"0":1,"1":1},"f":{"0":0},"b":{}}
,"D:\\neobank_project\\src\\components\\Home\\News\\News.tsx": {"path":"D:\\neobank_project\\src\\components\\Home\\News\\News.tsx","statementMap":{"0":{"start":{"line":1,"column":0},"end":{"line":1,"column":37}},"1":{"start":{"line":2,"column":0},"end":{"line":2,"column":21}},"2":{"start":{"line":3,"column":0},"end":{"line":3,"column":38}},"3":{"start":{"line":4,"column":0},"end":{"line":4,"column":51}},"4":{"start":{"line":5,"column":0},"end":{"line":5,"column":21}},"5":{"start":{"line":6,"column":0},"end":{"line":6,"column":32}},"6":{"start":{"line":7,"column":0},"end":{"line":7,"column":44}},"7":{"start":{"line":9,"column":0},"end":{"line":9,"column":29}},"8":{"start":{"line":15,"column":29},"end":{"line":71,"column":1}},"9":{"start":{"line":17,"column":32},"end":{"line":17,"column":66}},"10":{"start":{"line":18,"column":32},"end":{"line":18,"column":66}},"11":{"start":{"line":20,"column":4},"end":{"line":70,"column":6}},"12":{"start":{"line":57,"column":91},"end":{"line":61,"column":26}},"13":{"start":{"line":65,"column":74},"end":{"line":65,"column":89}},"14":{"start":{"line":66,"column":74},"end":{"line":66,"column":89}},"15":{"start":{"line":73,"column":9},"end":{"line":73,"column":13}}},"fnMap":{"0":{"name":"(anonymous_0)","decl":{"start":{"line":15,"column":29},"end":{"line":15,"column":30}},"loc":{"start":{"line":15,"column":42},"end":{"line":71,"column":1}}},"1":{"name":"(anonymous_1)","decl":{"start":{"line":57,"column":47},"end":{"line":57,"column":48}},"loc":{"start":{"line":57,"column":89},"end":{"line":61,"column":26}}},"2":{"name":"(anonymous_2)","decl":{"start":{"line":65,"column":64},"end":{"line":65,"column":65}},"loc":{"start":{"line":65,"column":74},"end":{"line":65,"column":89}}},"3":{"name":"(anonymous_3)","decl":{"start":{"line":66,"column":64},"end":{"line":66,"column":65}},"loc":{"start":{"line":66,"column":74},"end":{"line":66,"column":89}}}},"branchMap":{"0":{"loc":{"start":{"line":57,"column":24},"end":{"line":61,"column":39}},"type":"cond-expr","locations":[{"start":{"line":57,"column":38},"end":{"line":61,"column":27}},{"start":{"line":61,"column":30},"end":{"line":61,"column":39}}]}},"s":{"0":1,"1":1,"2":1,"3":1,"4":1,"5":1,"6":1,"7":1,"8":1,"9":0,"10":0,"11":0,"12":0,"13":0,"14":0,"15":1},"f":{"0":0,"1":0,"2":0,"3":0},"b":{"0":[0,0]}}
,"D:\\neobank_project\\src\\components\\Home\\News\\index.tsx": {"path":"D:\\neobank_project\\src\\components\\Home\\News\\index.tsx","statementMap":{"0":{"start":{"line":1,"column":0},"end":{"line":1,"column":9}},"1":{"start":{"line":1,"column":9},"end":{"line":1,"column":30}}},"fnMap":{"0":{"name":"(anonymous_0)","decl":{"start":{"line":1,"column":9},"end":{"line":1,"column":13}},"loc":{"start":{"line":1,"column":9},"end":{"line":1,"column":30}}}},"branchMap":{},"s":{"0":1,"1":1},"f":{"0":0},"b":{}}
,"D:\\neobank_project\\src\\components\\Home\\Subscribe\\Subscribe.tsx": {"path":"D:\\neobank_project\\src\\components\\Home\\Subscribe\\Subscribe.tsx","statementMap":{"0":{"start":{"line":1,"column":0},"end":{"line":1,"column":72}},"1":{"start":{"line":2,"column":0},"end":{"line":2,"column":29}},"2":{"start":{"line":3,"column":0},"end":{"line":3,"column":49}},"3":{"start":{"line":4,"column":0},"end":{"line":4,"column":43}},"4":{"start":{"line":5,"column":0},"end":{"line":5,"column":25}},"5":{"start":{"line":6,"column":0},"end":{"line":6,"column":33}},"6":{"start":{"line":8,"column":22},"end":{"line":64,"column":1}},"7":{"start":{"line":9,"column":40},"end":{"line":9,"column":60}},"8":{"start":{"line":10,"column":44},"end":{"line":10,"column":68}},"9":{"start":{"line":12,"column":4},"end":{"line":16,"column":11}},"10":{"start":{"line":13,"column":8},"end":{"line":15,"column":9}},"11":{"start":{"line":14,"column":12},"end":{"line":14,"column":34}},"12":{"start":{"line":18,"column":27},"end":{"line":26,"column":5}},"13":{"start":{"line":19,"column":8},"end":{"line":19,"column":27}},"14":{"start":{"line":20,"column":8},"end":{"line":25,"column":9}},"15":{"start":{"line":21,"column":12},"end":{"line":24,"column":null}},"16":{"start":{"line":22,"column":16},"end":{"line":22,"column":61}},"17":{"start":{"line":23,"column":16},"end":{"line":23,"column":38}},"18":{"start":{"line":28,"column":23},"end":{"line":30,"column":5}},"19":{"start":{"line":29,"column":8},"end":{"line":29,"column":38}},"20":{"start":{"line":32,"column":4},"end":{"line":63,"column":5}},"21":{"start":{"line":33,"column":8},"end":{"line":55,"column":10}},"22":{"start":{"line":38,"column":67},"end":{"line":38,"column":84}},"23":{"start":{"line":57,"column":8},"end":{"line":62,"column":null}},"24":{"start":{"line":66,"column":9},"end":{"line":66,"column":18}}},"fnMap":{"0":{"name":"(anonymous_0)","decl":{"start":{"line":8,"column":22},"end":{"line":8,"column":25}},"loc":{"start":{"line":8,"column":27},"end":{"line":64,"column":1}}},"1":{"name":"(anonymous_1)","decl":{"start":{"line":12,"column":14},"end":{"line":12,"column":17}},"loc":{"start":{"line":12,"column":19},"end":{"line":16,"column":5}}},"2":{"name":"(anonymous_2)","decl":{"start":{"line":18,"column":27},"end":{"line":18,"column":32}},"loc":{"start":{"line":18,"column":67},"end":{"line":26,"column":5}}},"3":{"name":"(anonymous_3)","decl":{"start":{"line":21,"column":45},"end":{"line":21,"column":48}},"loc":{"start":{"line":21,"column":50},"end":{"line":24,"column":13}}},"4":{"name":"(anonymous_4)","decl":{"start":{"line":28,"column":23},"end":{"line":28,"column":24}},"loc":{"start":{"line":28,"column":60},"end":{"line":30,"column":5}}},"5":{"name":"(anonymous_5)","decl":{"start":{"line":38,"column":60},"end":{"line":38,"column":61}},"loc":{"start":{"line":38,"column":67},"end":{"line":38,"column":84}}}},"branchMap":{"0":{"loc":{"start":{"line":13,"column":8},"end":{"line":15,"column":9}},"type":"if","locations":[{"start":{"line":13,"column":8},"end":{"line":15,"column":9}}]},"1":{"loc":{"start":{"line":20,"column":8},"end":{"line":25,"column":9}},"type":"if","locations":[{"start":{"line":20,"column":8},"end":{"line":25,"column":9}}]},"2":{"loc":{"start":{"line":20,"column":12},"end":{"line":20,"column":59}},"type":"binary-expr","locations":[{"start":{"line":20,"column":12},"end":{"line":20,"column":34}},{"start":{"line":20,"column":38},"end":{"line":20,"column":59}}]},"3":{"loc":{"start":{"line":32,"column":4},"end":{"line":63,"column":5}},"type":"if","locations":[{"start":{"line":32,"column":4},"end":{"line":63,"column":5}},{"start":{"line":56,"column":11},"end":{"line":63,"column":5}}]}},"s":{"0":1,"1":1,"2":1,"3":1,"4":1,"5":1,"6":1,"7":37,"8":37,"9":37,"10":7,"11":1,"12":37,"13":2,"14":2,"15":1,"16":1,"17":1,"18":37,"19":28,"20":37,"21":35,"22":2,"23":2,"24":1},"f":{"0":37,"1":7,"2":2,"3":1,"4":28,"5":2},"b":{"0":[1],"1":[1],"2":[2,2],"3":[35,2]}}
,"D:\\neobank_project\\src\\components\\Home\\Subscribe\\index.tsx": {"path":"D:\\neobank_project\\src\\components\\Home\\Subscribe\\index.tsx","statementMap":{"0":{"start":{"line":1,"column":0},"end":{"line":1,"column":9}},"1":{"start":{"line":1,"column":9},"end":{"line":1,"column":40}}},"fnMap":{"0":{"name":"(anonymous_0)","decl":{"start":{"line":1,"column":9},"end":{"line":1,"column":18}},"loc":{"start":{"line":1,"column":9},"end":{"line":1,"column":40}}}},"branchMap":{},"s":{"0":1,"1":8},"f":{"0":7},"b":{}}
,"D:\\neobank_project\\src\\components\\Home\\СhooseCard\\ChooseCard.tsx": {"path":"D:\\neobank_project\\src\\components\\Home\\СhooseCard\\ChooseCard.tsx","statementMap":{"0":{"start":{"line":2,"column":0},"end":{"line":2,"column":29}},"1":{"start":{"line":3,"column":0},"end":{"line":3,"column":55}},"2":{"start":{"line":4,"column":0},"end":{"line":4,"column":55}},"3":{"start":{"line":5,"column":0},"end":{"line":5,"column":55}},"4":{"start":{"line":6,"column":0},"end":{"line":6,"column":55}},"5":{"start":{"line":7,"column":0},"end":{"line":7,"column":27}},"6":{"start":{"line":15,"column":29},"end":{"line":36,"column":null}},"7":{"start":{"line":38,"column":23},"end":{"line":63,"column":1}},"8":{"start":{"line":39,"column":4},"end":{"line":62,"column":6}},"9":{"start":{"line":53,"column":24},"end":{"line":57,"column":26}},"10":{"start":{"line":65,"column":9},"end":{"line":65,"column":19}}},"fnMap":{"0":{"name":"(anonymous_0)","decl":{"start":{"line":38,"column":23},"end":{"line":38,"column":26}},"loc":{"start":{"line":38,"column":28},"end":{"line":63,"column":1}}},"1":{"name":"(anonymous_1)","decl":{"start":{"line":52,"column":30},"end":{"line":52,"column":31}},"loc":{"start":{"line":52,"column":39},"end":{"line":58,"column":21}}}},"branchMap":{},"s":{"0":1,"1":1,"2":1,"3":1,"4":1,"5":1,"6":1,"7":1,"8":0,"9":0,"10":1},"f":{"0":0,"1":0},"b":{}}
,"D:\\neobank_project\\src\\components\\Home\\СhooseCard\\index.tsx": {"path":"D:\\neobank_project\\src\\components\\Home\\СhooseCard\\index.tsx","statementMap":{"0":{"start":{"line":1,"column":0},"end":{"line":1,"column":9}},"1":{"start":{"line":1,"column":9},"end":{"line":1,"column":42}}},"fnMap":{"0":{"name":"(anonymous_0)","decl":{"start":{"line":1,"column":9},"end":{"line":1,"column":19}},"loc":{"start":{"line":1,"column":9},"end":{"line":1,"column":42}}}},"branchMap":{},"s":{"0":1,"1":1},"f":{"0":0},"b":{}}
,"D:\\neobank_project\\src\\components\\UI\\index.ts": {"path":"D:\\neobank_project\\src\\components\\UI\\index.ts","statementMap":{"0":{"start":{"line":1,"column":0},"end":{"line":1,"column":9}},"1":{"start":{"line":1,"column":9},"end":{"line":1,"column":34}},"2":{"start":{"line":2,"column":0},"end":{"line":2,"column":9}},"3":{"start":{"line":2,"column":9},"end":{"line":2,"column":34}},"4":{"start":{"line":3,"column":0},"end":{"line":3,"column":9}},"5":{"start":{"line":3,"column":9},"end":{"line":3,"column":34}},"6":{"start":{"line":4,"column":0},"end":{"line":4,"column":9}},"7":{"start":{"line":4,"column":9},"end":{"line":4,"column":42}},"8":{"start":{"line":5,"column":0},"end":{"line":5,"column":9}},"9":{"start":{"line":5,"column":9},"end":{"line":5,"column":40}},"10":{"start":{"line":6,"column":0},"end":{"line":6,"column":9}},"11":{"start":{"line":6,"column":9},"end":{"line":6,"column":40}},"12":{"start":{"line":7,"column":0},"end":{"line":7,"column":9}},"13":{"start":{"line":7,"column":9},"end":{"line":7,"column":34}},"14":{"start":{"line":8,"column":0},"end":{"line":8,"column":9}},"15":{"start":{"line":8,"column":9},"end":{"line":8,"column":36}},"16":{"start":{"line":9,"column":0},"end":{"line":9,"column":9}},"17":{"start":{"line":9,"column":9},"end":{"line":9,"column":42}},"18":{"start":{"line":10,"column":0},"end":{"line":10,"column":9}},"19":{"start":{"line":10,"column":9},"end":{"line":10,"column":32}},"20":{"start":{"line":11,"column":0},"end":{"line":11,"column":9}},"21":{"start":{"line":11,"column":9},"end":{"line":11,"column":32}},"22":{"start":{"line":12,"column":0},"end":{"line":12,"column":9}},"23":{"start":{"line":12,"column":9},"end":{"line":12,"column":34}},"24":{"start":{"line":13,"column":0},"end":{"line":13,"column":9}},"25":{"start":{"line":13,"column":9},"end":{"line":13,"column":44}},"26":{"start":{"line":14,"column":0},"end":{"line":14,"column":9}},"27":{"start":{"line":14,"column":9},"end":{"line":14,"column":38}},"28":{"start":{"line":15,"column":0},"end":{"line":15,"column":9}},"29":{"start":{"line":15,"column":9},"end":{"line":15,"column":32}},"30":{"start":{"line":16,"column":0},"end":{"line":16,"column":9}},"31":{"start":{"line":16,"column":9},"end":{"line":16,"column":38}},"32":{"start":{"line":17,"column":0},"end":{"line":17,"column":9}},"33":{"start":{"line":17,"column":9},"end":{"line":17,"column":32}},"34":{"start":{"line":18,"column":0},"end":{"line":18,"column":9}},"35":{"start":{"line":18,"column":9},"end":{"line":18,"column":44}}},"fnMap":{"0":{"name":"(anonymous_0)","decl":{"start":{"line":1,"column":9},"end":{"line":1,"column":15}},"loc":{"start":{"line":1,"column":9},"end":{"line":1,"column":34}}},"1":{"name":"(anonymous_1)","decl":{"start":{"line":2,"column":9},"end":{"line":2,"column":15}},"loc":{"start":{"line":2,"column":9},"end":{"line":2,"column":34}}},"2":{"name":"(anonymous_2)","decl":{"start":{"line":3,"column":9},"end":{"line":3,"column":15}},"loc":{"start":{"line":3,"column":9},"end":{"line":3,"column":34}}},"3":{"name":"(anonymous_3)","decl":{"start":{"line":4,"column":9},"end":{"line":4,"column":19}},"loc":{"start":{"line":4,"column":9},"end":{"line":4,"column":42}}},"4":{"name":"(anonymous_4)","decl":{"start":{"line":5,"column":9},"end":{"line":5,"column":18}},"loc":{"start":{"line":5,"column":9},"end":{"line":5,"column":40}}},"5":{"name":"(anonymous_5)","decl":{"start":{"line":6,"column":9},"end":{"line":6,"column":18}},"loc":{"start":{"line":6,"column":9},"end":{"line":6,"column":40}}},"6":{"name":"(anonymous_6)","decl":{"start":{"line":7,"column":9},"end":{"line":7,"column":15}},"loc":{"start":{"line":7,"column":9},"end":{"line":7,"column":34}}},"7":{"name":"(anonymous_7)","decl":{"start":{"line":8,"column":9},"end":{"line":8,"column":16}},"loc":{"start":{"line":8,"column":9},"end":{"line":8,"column":36}}},"8":{"name":"(anonymous_8)","decl":{"start":{"line":9,"column":9},"end":{"line":9,"column":19}},"loc":{"start":{"line":9,"column":9},"end":{"line":9,"column":42}}},"9":{"name":"(anonymous_9)","decl":{"start":{"line":10,"column":9},"end":{"line":10,"column":14}},"loc":{"start":{"line":10,"column":9},"end":{"line":10,"column":32}}},"10":{"name":"(anonymous_10)","decl":{"start":{"line":11,"column":9},"end":{"line":11,"column":14}},"loc":{"start":{"line":11,"column":9},"end":{"line":11,"column":32}}},"11":{"name":"(anonymous_11)","decl":{"start":{"line":12,"column":9},"end":{"line":12,"column":15}},"loc":{"start":{"line":12,"column":9},"end":{"line":12,"column":34}}},"12":{"name":"(anonymous_12)","decl":{"start":{"line":13,"column":9},"end":{"line":13,"column":20}},"loc":{"start":{"line":13,"column":9},"end":{"line":13,"column":44}}},"13":{"name":"(anonymous_13)","decl":{"start":{"line":14,"column":9},"end":{"line":14,"column":17}},"loc":{"start":{"line":14,"column":9},"end":{"line":14,"column":38}}},"14":{"name":"(anonymous_14)","decl":{"start":{"line":15,"column":9},"end":{"line":15,"column":14}},"loc":{"start":{"line":15,"column":9},"end":{"line":15,"column":32}}},"15":{"name":"(anonymous_15)","decl":{"start":{"line":16,"column":9},"end":{"line":16,"column":17}},"loc":{"start":{"line":16,"column":9},"end":{"line":16,"column":38}}},"16":{"name":"(anonymous_16)","decl":{"start":{"line":17,"column":9},"end":{"line":17,"column":14}},"loc":{"start":{"line":17,"column":9},"end":{"line":17,"column":32}}},"17":{"name":"(anonymous_17)","decl":{"start":{"line":18,"column":9},"end":{"line":18,"column":20}},"loc":{"start":{"line":18,"column":9},"end":{"line":18,"column":44}}}},"branchMap":{},"s":{"0":7,"1":9,"2":7,"3":8,"4":7,"5":49,"6":7,"7":7,"8":7,"9":7,"10":7,"11":10,"12":7,"13":7,"14":7,"15":7,"16":7,"17":7,"18":7,"19":7,"20":7,"21":7,"22":7,"23":12,"24":7,"25":7,"26":7,"27":7,"28":7,"29":7,"30":7,"31":13,"32":7,"33":7,"34":7,"35":7},"f":{"0":2,"1":1,"2":42,"3":0,"4":0,"5":3,"6":0,"7":0,"8":0,"9":0,"10":0,"11":5,"12":0,"13":0,"14":0,"15":6,"16":0,"17":0},"b":{}}
,"D:\\neobank_project\\src\\components\\UI\\Accordion\\Accordion.tsx": {"path":"D:\\neobank_project\\src\\components\\UI\\Accordion\\Accordion.tsx","statementMap":{"0":{"start":{"line":1,"column":0},"end":{"line":1,"column":37}},"1":{"start":{"line":2,"column":0},"end":{"line":2,"column":25}},"2":{"start":{"line":3,"column":0},"end":{"line":3,"column":48}},"3":{"start":{"line":4,"column":0},"end":{"line":4,"column":44}},"4":{"start":{"line":10,"column":39},"end":{"line":34,"column":1}},"5":{"start":{"line":11,"column":50},"end":{"line":11,"column":79}},"6":{"start":{"line":13,"column":24},"end":{"line":15,"column":3}},"7":{"start":{"line":14,"column":4},"end":{"line":14,"column":67}},"8":{"start":{"line":17,"column":2},"end":{"line":33,"column":4}},"9":{"start":{"line":21,"column":10},"end":{"line":21,"column":32}},"10":{"start":{"line":22,"column":69},"end":{"line":22,"column":89}},"11":{"start":{"line":38,"column":9},"end":{"line":38,"column":18}},"12":{"start":{"line":36,"column":0},"end":{"line":36,"column":25}}},"fnMap":{"0":{"name":"(anonymous_0)","decl":{"start":{"line":10,"column":39},"end":{"line":10,"column":40}},"loc":{"start":{"line":10,"column":56},"end":{"line":34,"column":1}}},"1":{"name":"(anonymous_1)","decl":{"start":{"line":13,"column":24},"end":{"line":13,"column":25}},"loc":{"start":{"line":13,"column":42},"end":{"line":15,"column":3}}},"2":{"name":"(anonymous_2)","decl":{"start":{"line":20,"column":21},"end":{"line":20,"column":22}},"loc":{"start":{"line":21,"column":10},"end":{"line":21,"column":32}}},"3":{"name":"(anonymous_3)","decl":{"start":{"line":22,"column":63},"end":{"line":22,"column":66}},"loc":{"start":{"line":22,"column":69},"end":{"line":22,"column":89}}}},"branchMap":{"0":{"loc":{"start":{"line":14,"column":24},"end":{"line":14,"column":65}},"type":"cond-expr","locations":[{"start":{"line":14,"column":53},"end":{"line":14,"column":57}},{"start":{"line":14,"column":60},"end":{"line":14,"column":65}}]},"1":{"loc":{"start":{"line":24,"column":15},"end":{"line":26,"column":47}},"type":"cond-expr","locations":[{"start":{"line":25,"column":16},"end":{"line":25,"column":41}},{"start":{"line":26,"column":18},"end":{"line":26,"column":47}}]},"2":{"loc":{"start":{"line":28,"column":13},"end":{"line":28,"column":114}},"type":"binary-expr","locations":[{"start":{"line":28,"column":13},"end":{"line":28,"column":39}},{"start":{"line":28,"column":43},"end":{"line":28,"column":114}}]}},"s":{"0":7,"1":7,"2":7,"3":7,"4":7,"5":7,"6":7,"7":4,"8":7,"9":14,"10":4,"11":7,"12":7},"f":{"0":7,"1":4,"2":14,"3":4},"b":{"0":[1,3],"1":[3,11],"2":[14,3]}}
,"D:\\neobank_project\\src\\components\\UI\\Accordion\\index.tsx": {"path":"D:\\neobank_project\\src\\components\\UI\\Accordion\\index.tsx","statementMap":{"0":{"start":{"line":1,"column":0},"end":{"line":1,"column":9}},"1":{"start":{"line":1,"column":9},"end":{"line":1,"column":40}}},"fnMap":{"0":{"name":"(anonymous_0)","decl":{"start":{"line":1,"column":9},"end":{"line":1,"column":18}},"loc":{"start":{"line":1,"column":9},"end":{"line":1,"column":40}}}},"branchMap":{},"s":{"0":7,"1":10},"f":{"0":3},"b":{}}
,"D:\\neobank_project\\src\\components\\UI\\AmountInput\\AmountInput.tsx": {"path":"D:\\neobank_project\\src\\components\\UI\\AmountInput\\AmountInput.tsx","statementMap":{"0":{"start":{"line":2,"column":0},"end":{"line":2,"column":27}},"1":{"start":{"line":4,"column":63},"end":{"line":17,"column":1}},"2":{"start":{"line":5,"column":2},"end":{"line":16,"column":4}},"3":{"start":{"line":19,"column":9},"end":{"line":19,"column":20}}},"fnMap":{"0":{"name":"(anonymous_0)","decl":{"start":{"line":4,"column":63},"end":{"line":4,"column":64}},"loc":{"start":{"line":4,"column":85},"end":{"line":17,"column":1}}}},"branchMap":{},"s":{"0":7,"1":7,"2":0,"3":7},"f":{"0":0},"b":{}}
,"D:\\neobank_project\\src\\components\\UI\\AmountInput\\index.tsx": {"path":"D:\\neobank_project\\src\\components\\UI\\AmountInput\\index.tsx","statementMap":{"0":{"start":{"line":1,"column":0},"end":{"line":1,"column":9}},"1":{"start":{"line":1,"column":9},"end":{"line":1,"column":43}}},"fnMap":{"0":{"name":"(anonymous_0)","decl":{"start":{"line":1,"column":9},"end":{"line":1,"column":20}},"loc":{"start":{"line":1,"column":9},"end":{"line":1,"column":43}}}},"branchMap":{},"s":{"0":7,"1":7},"f":{"0":0},"b":{}}
,"D:\\neobank_project\\src\\components\\UI\\Button\\Button.tsx": {"path":"D:\\neobank_project\\src\\components\\UI\\Button\\Button.tsx","statementMap":{"0":{"start":{"line":2,"column":0},"end":{"line":2,"column":22}},"1":{"start":{"line":11,"column":28},"end":{"line":23,"column":1}},"2":{"start":{"line":12,"column":2},"end":{"line":22,"column":4}},"3":{"start":{"line":25,"column":9},"end":{"line":25,"column":15}}},"fnMap":{"0":{"name":"(anonymous_0)","decl":{"start":{"line":11,"column":28},"end":{"line":11,"column":29}},"loc":{"start":{"line":11,"column":71},"end":{"line":23,"column":1}}}},"branchMap":{"0":{"loc":{"start":{"line":15,"column":12},"end":{"line":15,"column":28}},"type":"binary-expr","locations":[{"start":{"line":15,"column":12},"end":{"line":15,"column":16}},{"start":{"line":15,"column":20},"end":{"line":15,"column":28}}]},"1":{"loc":{"start":{"line":16,"column":15},"end":{"line":16,"column":43}},"type":"cond-expr","locations":[{"start":{"line":16,"column":24},"end":{"line":16,"column":31}},{"start":{"line":16,"column":34},"end":{"line":16,"column":43}}]}},"s":{"0":7,"1":7,"2":42,"3":7},"f":{"0":42},"b":{"0":[42,6],"1":[1,41]}}
,"D:\\neobank_project\\src\\components\\UI\\Button\\index.tsx": {"path":"D:\\neobank_project\\src\\components\\UI\\Button\\index.tsx","statementMap":{"0":{"start":{"line":1,"column":0},"end":{"line":1,"column":9}},"1":{"start":{"line":1,"column":9},"end":{"line":1,"column":34}}},"fnMap":{"0":{"name":"(anonymous_0)","decl":{"start":{"line":1,"column":9},"end":{"line":1,"column":15}},"loc":{"start":{"line":1,"column":9},"end":{"line":1,"column":34}}}},"branchMap":{},"s":{"0":7,"1":49},"f":{"0":42},"b":{}}
,"D:\\neobank_project\\src\\components\\UI\\Checkbox\\Checkbox.tsx": {"path":"D:\\neobank_project\\src\\components\\UI\\Checkbox\\Checkbox.tsx","statementMap":{"0":{"start":{"line":1,"column":0},"end":{"line":1,"column":61}},"1":{"start":{"line":2,"column":0},"end":{"line":2,"column":24}},"2":{"start":{"line":10,"column":37},"end":{"line":29,"column":1}},"3":{"start":{"line":11,"column":32},"end":{"line":11,"column":60}},"4":{"start":{"line":13,"column":2},"end":{"line":15,"column":18}},"5":{"start":{"line":14,"column":4},"end":{"line":14,"column":26}},"6":{"start":{"line":17,"column":31},"end":{"line":21,"column":3}},"7":{"start":{"line":18,"column":22},"end":{"line":18,"column":42}},"8":{"start":{"line":19,"column":4},"end":{"line":19,"column":26}},"9":{"start":{"line":20,"column":4},"end":{"line":20,"column":24}},"10":{"start":{"line":23,"column":2},"end":{"line":28,"column":4}},"11":{"start":{"line":31,"column":9},"end":{"line":31,"column":17}}},"fnMap":{"0":{"name":"(anonymous_0)","decl":{"start":{"line":10,"column":37},"end":{"line":10,"column":38}},"loc":{"start":{"line":10,"column":72},"end":{"line":29,"column":1}}},"1":{"name":"(anonymous_1)","decl":{"start":{"line":13,"column":12},"end":{"line":13,"column":15}},"loc":{"start":{"line":13,"column":17},"end":{"line":15,"column":3}}},"2":{"name":"(anonymous_2)","decl":{"start":{"line":17,"column":31},"end":{"line":17,"column":32}},"loc":{"start":{"line":17,"column":72},"end":{"line":21,"column":3}}}},"branchMap":{},"s":{"0":7,"1":7,"2":7,"3":12,"4":12,"5":6,"6":12,"7":2,"8":2,"9":2,"10":12,"11":7},"f":{"0":12,"1":6,"2":2},"b":{}}
,"D:\\neobank_project\\src\\components\\UI\\Checkbox\\index.tsx": {"path":"D:\\neobank_project\\src\\components\\UI\\Checkbox\\index.tsx","statementMap":{"0":{"start":{"line":1,"column":0},"end":{"line":1,"column":9}},"1":{"start":{"line":1,"column":9},"end":{"line":1,"column":38}}},"fnMap":{"0":{"name":"(anonymous_0)","decl":{"start":{"line":1,"column":9},"end":{"line":1,"column":17}},"loc":{"start":{"line":1,"column":9},"end":{"line":1,"column":38}}}},"branchMap":{},"s":{"0":7,"1":13},"f":{"0":6},"b":{}}
,"D:\\neobank_project\\src\\components\\UI\\Footer\\Footer.tsx": {"path":"D:\\neobank_project\\src\\components\\UI\\Footer\\Footer.tsx","statementMap":{"0":{"start":{"line":2,"column":0},"end":{"line":2,"column":40}},"1":{"start":{"line":3,"column":0},"end":{"line":3,"column":48}},"2":{"start":{"line":4,"column":0},"end":{"line":4,"column":23}},"3":{"start":{"line":10,"column":27},"end":{"line":49,"column":1}},"4":{"start":{"line":11,"column":4},"end":{"line":48,"column":6}},"5":{"start":{"line":28,"column":28},"end":{"line":36,"column":null}},"6":{"start":{"line":51,"column":9},"end":{"line":51,"column":15}}},"fnMap":{"0":{"name":"(anonymous_0)","decl":{"start":{"line":10,"column":27},"end":{"line":10,"column":28}},"loc":{"start":{"line":10,"column":48},"end":{"line":49,"column":1}}},"1":{"name":"(anonymous_1)","decl":{"start":{"line":27,"column":40},"end":{"line":27,"column":41}},"loc":{"start":{"line":27,"column":60},"end":{"line":37,"column":25}}}},"branchMap":{"0":{"loc":{"start":{"line":31,"column":44},"end":{"line":31,"column":87}},"type":"cond-expr","locations":[{"start":{"line":31,"column":60},"end":{"line":31,"column":73}},{"start":{"line":31,"column":76},"end":{"line":31,"column":87}}]}},"s":{"0":7,"1":7,"2":7,"3":7,"4":1,"5":10,"6":7},"f":{"0":1,"1":10},"b":{"0":[0,10]}}
,"D:\\neobank_project\\src\\components\\UI\\Footer\\index.ts": {"path":"D:\\neobank_project\\src\\components\\UI\\Footer\\index.ts","statementMap":{"0":{"start":{"line":1,"column":0},"end":{"line":1,"column":9}},"1":{"start":{"line":1,"column":9},"end":{"line":1,"column":34}}},"fnMap":{"0":{"name":"(anonymous_0)","decl":{"start":{"line":1,"column":9},"end":{"line":1,"column":15}},"loc":{"start":{"line":1,"column":9},"end":{"line":1,"column":34}}}},"branchMap":{},"s":{"0":7,"1":8},"f":{"0":1},"b":{}}
,"D:\\neobank_project\\src\\components\\UI\\FormHeader\\FormHeader.tsx": {"path":"D:\\neobank_project\\src\\components\\UI\\FormHeader\\FormHeader.tsx","statementMap":{"0":{"start":{"line":2,"column":0},"end":{"line":2,"column":26}},"1":{"start":{"line":9,"column":36},"end":{"line":16,"column":1}},"2":{"start":{"line":10,"column":2},"end":{"line":15,"column":4}},"3":{"start":{"line":18,"column":9},"end":{"line":18,"column":19}}},"fnMap":{"0":{"name":"(anonymous_0)","decl":{"start":{"line":9,"column":36},"end":{"line":9,"column":37}},"loc":{"start":{"line":9,"column":56},"end":{"line":16,"column":1}}}},"branchMap":{},"s":{"0":7,"1":7,"2":0,"3":7},"f":{"0":0},"b":{}}
,"D:\\neobank_project\\src\\components\\UI\\FormHeader\\index.tsx": {"path":"D:\\neobank_project\\src\\components\\UI\\FormHeader\\index.tsx","statementMap":{"0":{"start":{"line":1,"column":0},"end":{"line":1,"column":9}},"1":{"start":{"line":1,"column":9},"end":{"line":1,"column":42}}},"fnMap":{"0":{"name":"(anonymous_0)","decl":{"start":{"line":1,"column":9},"end":{"line":1,"column":19}},"loc":{"start":{"line":1,"column":9},"end":{"line":1,"column":42}}}},"branchMap":{},"s":{"0":7,"1":7},"f":{"0":0},"b":{}}
,"D:\\neobank_project\\src\\components\\UI\\Header\\Header.tsx": {"path":"D:\\neobank_project\\src\\components\\UI\\Header\\Header.tsx","statementMap":{"0":{"start":{"line":1,"column":0},"end":{"line":1,"column":37}},"1":{"start":{"line":2,"column":0},"end":{"line":2,"column":29}},"2":{"start":{"line":3,"column":0},"end":{"line":3,"column":43}},"3":{"start":{"line":4,"column":0},"end":{"line":4,"column":56}},"4":{"start":{"line":5,"column":0},"end":{"line":5,"column":23}},"5":{"start":{"line":11,"column":27},"end":{"line":49,"column":1}},"6":{"start":{"line":12,"column":36},"end":{"line":12,"column":60}},"7":{"start":{"line":14,"column":27},"end":{"line":16,"column":5}},"8":{"start":{"line":15,"column":8},"end":{"line":15,"column":31}},"9":{"start":{"line":18,"column":4},"end":{"line":48,"column":6}},"10":{"start":{"line":31,"column":32},"end":{"line":40,"column":null}},"11":{"start":{"line":51,"column":9},"end":{"line":51,"column":15}}},"fnMap":{"0":{"name":"(anonymous_0)","decl":{"start":{"line":11,"column":27},"end":{"line":11,"column":28}},"loc":{"start":{"line":11,"column":48},"end":{"line":49,"column":1}}},"1":{"name":"(anonymous_1)","decl":{"start":{"line":14,"column":27},"end":{"line":14,"column":30}},"loc":{"start":{"line":14,"column":32},"end":{"line":16,"column":5}}},"2":{"name":"(anonymous_2)","decl":{"start":{"line":30,"column":44},"end":{"line":30,"column":45}},"loc":{"start":{"line":30,"column":64},"end":{"line":41,"column":29}}}},"branchMap":{"0":{"loc":{"start":{"line":27,"column":57},"end":{"line":27,"column":77}},"type":"binary-expr","locations":[{"start":{"line":27,"column":57},"end":{"line":27,"column":65}},{"start":{"line":27,"column":69},"end":{"line":27,"column":77}}]},"1":{"loc":{"start":{"line":35,"column":48},"end":{"line":35,"column":91}},"type":"cond-expr","locations":[{"start":{"line":35,"column":64},"end":{"line":35,"column":77}},{"start":{"line":35,"column":80},"end":{"line":35,"column":91}}]}},"s":{"0":7,"1":7,"2":7,"3":7,"4":7,"5":7,"6":2,"7":2,"8":0,"9":2,"10":8,"11":7},"f":{"0":2,"1":0,"2":8},"b":{"0":[2,0],"1":[2,6]}}
,"D:\\neobank_project\\src\\components\\UI\\Header\\index.tsx": {"path":"D:\\neobank_project\\src\\components\\UI\\Header\\index.tsx","statementMap":{"0":{"start":{"line":1,"column":0},"end":{"line":1,"column":9}},"1":{"start":{"line":1,"column":9},"end":{"line":1,"column":34}}},"fnMap":{"0":{"name":"(anonymous_0)","decl":{"start":{"line":1,"column":9},"end":{"line":1,"column":15}},"loc":{"start":{"line":1,"column":9},"end":{"line":1,"column":34}}}},"branchMap":{},"s":{"0":7,"1":9},"f":{"0":2},"b":{}}
,"D:\\neobank_project\\src\\components\\UI\\Input\\Input.tsx": {"path":"D:\\neobank_project\\src\\components\\UI\\Input\\Input.tsx","statementMap":{"0":{"start":{"line":2,"column":0},"end":{"line":2,"column":21}},"1":{"start":{"line":4,"column":57},"end":{"line":8,"column":1}},"2":{"start":{"line":5,"column":2},"end":{"line":7,"column":4}},"3":{"start":{"line":10,"column":9},"end":{"line":10,"column":14}}},"fnMap":{"0":{"name":"(anonymous_0)","decl":{"start":{"line":4,"column":57},"end":{"line":4,"column":58}},"loc":{"start":{"line":4,"column":79},"end":{"line":8,"column":1}}}},"branchMap":{},"s":{"0":7,"1":7,"2":0,"3":7},"f":{"0":0},"b":{}}
,"D:\\neobank_project\\src\\components\\UI\\Input\\index.tsx": {"path":"D:\\neobank_project\\src\\components\\UI\\Input\\index.tsx","statementMap":{"0":{"start":{"line":1,"column":0},"end":{"line":1,"column":9}},"1":{"start":{"line":1,"column":9},"end":{"line":1,"column":32}}},"fnMap":{"0":{"name":"(anonymous_0)","decl":{"start":{"line":1,"column":9},"end":{"line":1,"column":14}},"loc":{"start":{"line":1,"column":9},"end":{"line":1,"column":32}}}},"branchMap":{},"s":{"0":7,"1":7},"f":{"0":0},"b":{}}
,"D:\\neobank_project\\src\\components\\UI\\Label\\Label.tsx": {"path":"D:\\neobank_project\\src\\components\\UI\\Label\\Label.tsx","statementMap":{"0":{"start":{"line":2,"column":0},"end":{"line":2,"column":21}},"1":{"start":{"line":9,"column":26},"end":{"line":13,"column":1}},"2":{"start":{"line":10,"column":2},"end":{"line":12,"column":4}},"3":{"start":{"line":15,"column":9},"end":{"line":15,"column":14}}},"fnMap":{"0":{"name":"(anonymous_0)","decl":{"start":{"line":9,"column":26},"end":{"line":9,"column":27}},"loc":{"start":{"line":9,"column":52},"end":{"line":13,"column":1}}}},"branchMap":{},"s":{"0":7,"1":7,"2":0,"3":7},"f":{"0":0},"b":{}}
,"D:\\neobank_project\\src\\components\\UI\\Label\\index.tsx": {"path":"D:\\neobank_project\\src\\components\\UI\\Label\\index.tsx","statementMap":{"0":{"start":{"line":1,"column":0},"end":{"line":1,"column":9}},"1":{"start":{"line":1,"column":9},"end":{"line":1,"column":32}}},"fnMap":{"0":{"name":"(anonymous_0)","decl":{"start":{"line":1,"column":9},"end":{"line":1,"column":14}},"loc":{"start":{"line":1,"column":9},"end":{"line":1,"column":32}}}},"branchMap":{},"s":{"0":7,"1":7},"f":{"0":0},"b":{}}
,"D:\\neobank_project\\src\\components\\UI\\Loader\\Loader.tsx": {"path":"D:\\neobank_project\\src\\components\\UI\\Loader\\Loader.tsx","statementMap":{"0":{"start":{"line":2,"column":0},"end":{"line":2,"column":23}},"1":{"start":{"line":4,"column":19},"end":{"line":8,"column":1}},"2":{"start":{"line":5,"column":2},"end":{"line":7,"column":4}},"3":{"start":{"line":10,"column":9},"end":{"line":10,"column":15}}},"fnMap":{"0":{"name":"(anonymous_0)","decl":{"start":{"line":4,"column":19},"end":{"line":4,"column":22}},"loc":{"start":{"line":4,"column":24},"end":{"line":8,"column":1}}}},"branchMap":{},"s":{"0":7,"1":7,"2":0,"3":7},"f":{"0":0},"b":{}}
,"D:\\neobank_project\\src\\components\\UI\\Loader\\index.tsx": {"path":"D:\\neobank_project\\src\\components\\UI\\Loader\\index.tsx","statementMap":{"0":{"start":{"line":1,"column":0},"end":{"line":1,"column":9}},"1":{"start":{"line":1,"column":9},"end":{"line":1,"column":34}}},"fnMap":{"0":{"name":"(anonymous_0)","decl":{"start":{"line":1,"column":9},"end":{"line":1,"column":15}},"loc":{"start":{"line":1,"column":9},"end":{"line":1,"column":34}}}},"branchMap":{},"s":{"0":7,"1":7},"f":{"0":0},"b":{}}
,"D:\\neobank_project\\src\\components\\UI\\LoanCard\\LoanCard.tsx": {"path":"D:\\neobank_project\\src\\components\\UI\\LoanCard\\LoanCard.tsx","statementMap":{"0":{"start":{"line":2,"column":0},"end":{"line":2,"column":25}},"1":{"start":{"line":3,"column":0},"end":{"line":3,"column":53}},"2":{"start":{"line":4,"column":0},"end":{"line":4,"column":49}},"3":{"start":{"line":5,"column":0},"end":{"line":5,"column":53}},"4":{"start":{"line":17,"column":32},"end":{"line":57,"column":1}},"5":{"start":{"line":19,"column":4},"end":{"line":56,"column":6}},"6":{"start":{"line":59,"column":9},"end":{"line":59,"column":17}}},"fnMap":{"0":{"name":"(anonymous_0)","decl":{"start":{"line":17,"column":32},"end":{"line":17,"column":33}},"loc":{"start":{"line":17,"column":109},"end":{"line":57,"column":1}}}},"branchMap":{"0":{"loc":{"start":{"line":31,"column":20},"end":{"line":39,"column":null}},"type":"cond-expr","locations":[{"start":{"line":32,"column":24},"end":{"line":34,"column":null}},{"start":{"line":37,"column":20},"end":{"line":39,"column":null}}]},"1":{"loc":{"start":{"line":43,"column":20},"end":{"line":51,"column":null}},"type":"cond-expr","locations":[{"start":{"line":44,"column":24},"end":{"line":46,"column":null}},{"start":{"line":49,"column":20},"end":{"line":51,"column":null}}]}},"s":{"0":7,"1":7,"2":7,"3":7,"4":7,"5":0,"6":7},"f":{"0":0},"b":{"0":[0,0],"1":[0,0]}}
,"D:\\neobank_project\\src\\components\\UI\\LoanCard\\index.tsx": {"path":"D:\\neobank_project\\src\\components\\UI\\LoanCard\\index.tsx","statementMap":{"0":{"start":{"line":1,"column":0},"end":{"line":1,"column":9}},"1":{"start":{"line":1,"column":9},"end":{"line":1,"column":37}}},"fnMap":{"0":{"name":"(anonymous_0)","decl":{"start":{"line":1,"column":9},"end":{"line":1,"column":17}},"loc":{"start":{"line":1,"column":9},"end":{"line":1,"column":37}}}},"branchMap":{},"s":{"0":7,"1":7},"f":{"0":0},"b":{}}
,"D:\\neobank_project\\src\\components\\UI\\MessageStep\\MessageStep.tsx": {"path":"D:\\neobank_project\\src\\components\\UI\\MessageStep\\MessageStep.tsx","statementMap":{"0":{"start":{"line":2,"column":0},"end":{"line":2,"column":28}},"1":{"start":{"line":3,"column":0},"end":{"line":3,"column":61}},"2":{"start":{"line":4,"column":0},"end":{"line":4,"column":29}},"3":{"start":{"line":15,"column":38},"end":{"line":30,"column":1}},"4":{"start":{"line":16,"column":2},"end":{"line":29,"column":4}},"5":{"start":{"line":32,"column":9},"end":{"line":32,"column":20}}},"fnMap":{"0":{"name":"(anonymous_0)","decl":{"start":{"line":15,"column":38},"end":{"line":15,"column":39}},"loc":{"start":{"line":15,"column":94},"end":{"line":30,"column":1}}}},"branchMap":{"0":{"loc":{"start":{"line":18,"column":10},"end":{"line":20,"column":null}},"type":"binary-expr","locations":[{"start":{"line":18,"column":10},"end":{"line":18,"column":15}},{"start":{"line":19,"column":10},"end":{"line":20,"column":null}}]},"1":{"loc":{"start":{"line":25,"column":10},"end":{"line":26,"column":77}},"type":"binary-expr","locations":[{"start":{"line":25,"column":10},"end":{"line":25,"column":16}},{"start":{"line":26,"column":10},"end":{"line":26,"column":77}}]}},"s":{"0":7,"1":7,"2":7,"3":7,"4":0,"5":7},"f":{"0":0},"b":{"0":[0,0],"1":[0,0]}}
,"D:\\neobank_project\\src\\components\\UI\\MessageStep\\index.tsx": {"path":"D:\\neobank_project\\src\\components\\UI\\MessageStep\\index.tsx","statementMap":{"0":{"start":{"line":1,"column":0},"end":{"line":1,"column":9}},"1":{"start":{"line":1,"column":9},"end":{"line":1,"column":44}}},"fnMap":{"0":{"name":"(anonymous_0)","decl":{"start":{"line":1,"column":9},"end":{"line":1,"column":20}},"loc":{"start":{"line":1,"column":9},"end":{"line":1,"column":44}}}},"branchMap":{},"s":{"0":7,"1":7},"f":{"0":0},"b":{}}
,"D:\\neobank_project\\src\\components\\UI\\Modal\\Modal.tsx": {"path":"D:\\neobank_project\\src\\components\\UI\\Modal\\Modal.tsx","statementMap":{"0":{"start":{"line":1,"column":0},"end":{"line":1,"column":48}},"1":{"start":{"line":2,"column":0},"end":{"line":2,"column":21}},"2":{"start":{"line":3,"column":0},"end":{"line":3,"column":29}},"3":{"start":{"line":4,"column":0},"end":{"line":4,"column":43}},"4":{"start":{"line":5,"column":0},"end":{"line":5,"column":47}},"5":{"start":{"line":6,"column":0},"end":{"line":6,"column":48}},"6":{"start":{"line":13,"column":26},"end":{"line":74,"column":1}},"7":{"start":{"line":14,"column":36},"end":{"line":14,"column":60}},"8":{"start":{"line":15,"column":19},"end":{"line":15,"column":32}},"9":{"start":{"line":16,"column":19},"end":{"line":17,"column":60}},"10":{"start":{"line":19,"column":20},"end":{"line":25,"column":3}},"11":{"start":{"line":20,"column":4},"end":{"line":24,"column":5}},"12":{"start":{"line":22,"column":8},"end":{"line":22,"column":null}},"13":{"start":{"line":23,"column":8},"end":{"line":23,"column":13}},"14":{"start":{"line":28,"column":2},"end":{"line":31,"column":null}},"15":{"start":{"line":29,"column":4},"end":{"line":29,"column":null}},"16":{"start":{"line":30,"column":4},"end":{"line":30,"column":null}},"17":{"start":{"line":30,"column":17},"end":{"line":30,"column":67}},"18":{"start":{"line":33,"column":22},"end":{"line":37,"column":3}},"19":{"start":{"line":34,"column":4},"end":{"line":34,"column":22}},"20":{"start":{"line":35,"column":4},"end":{"line":35,"column":18}},"21":{"start":{"line":36,"column":4},"end":{"line":36,"column":29}},"22":{"start":{"line":39,"column":2},"end":{"line":39,"column":null}},"23":{"start":{"line":39,"column":16},"end":{"line":39,"column":null}},"24":{"start":{"line":41,"column":2},"end":{"line":73,"column":null}},"25":{"start":{"line":43,"column":51},"end":{"line":43,"column":70}},"26":{"start":{"line":66,"column":57},"end":{"line":66,"column":75}},"27":{"start":{"line":76,"column":9},"end":{"line":76,"column":14}}},"fnMap":{"0":{"name":"(anonymous_0)","decl":{"start":{"line":13,"column":26},"end":{"line":13,"column":27}},"loc":{"start":{"line":13,"column":51},"end":{"line":74,"column":1}}},"1":{"name":"(anonymous_1)","decl":{"start":{"line":19,"column":20},"end":{"line":19,"column":21}},"loc":{"start":{"line":19,"column":47},"end":{"line":25,"column":3}}},"2":{"name":"(anonymous_2)","decl":{"start":{"line":28,"column":12},"end":{"line":28,"column":15}},"loc":{"start":{"line":28,"column":17},"end":{"line":31,"column":3}}},"3":{"name":"(anonymous_3)","decl":{"start":{"line":30,"column":11},"end":{"line":30,"column":14}},"loc":{"start":{"line":30,"column":17},"end":{"line":30,"column":67}}},"4":{"name":"(anonymous_4)","decl":{"start":{"line":33,"column":22},"end":{"line":33,"column":25}},"loc":{"start":{"line":33,"column":27},"end":{"line":37,"column":3}}},"5":{"name":"(anonymous_5)","decl":{"start":{"line":43,"column":46},"end":{"line":43,"column":47}},"loc":{"start":{"line":43,"column":51},"end":{"line":43,"column":70}}},"6":{"name":"(anonymous_6)","decl":{"start":{"line":66,"column":51},"end":{"line":66,"column":54}},"loc":{"start":{"line":66,"column":57},"end":{"line":66,"column":75}}}},"branchMap":{"0":{"loc":{"start":{"line":16,"column":19},"end":{"line":17,"column":60}},"type":"cond-expr","locations":[{"start":{"line":16,"column":40},"end":{"line":16,"column":75}},{"start":{"line":17,"column":4},"end":{"line":17,"column":60}}]},"1":{"loc":{"start":{"line":20,"column":4},"end":{"line":24,"column":5}},"type":"switch","locations":[{"start":{"line":21,"column":6},"end":{"line":23,"column":13}}]},"2":{"loc":{"start":{"line":39,"column":2},"end":{"line":39,"column":null}},"type":"if","locations":[{"start":{"line":39,"column":2},"end":{"line":39,"column":null}}]},"3":{"loc":{"start":{"line":46,"column":14},"end":{"line":53,"column":null}},"type":"cond-expr","locations":[{"start":{"line":47,"column":14},"end":{"line":48,"column":null}},{"start":{"line":51,"column":14},"end":{"line":52,"column":null}}]},"4":{"loc":{"start":{"line":60,"column":10},"end":{"line":68,"column":null}},"type":"cond-expr","locations":[{"start":{"line":61,"column":12},"end":{"line":62,"column":null}},{"start":{"line":65,"column":12},"end":{"line":67,"column":null}}]}},"s":{"0":7,"1":7,"2":7,"3":7,"4":7,"5":7,"6":7,"7":0,"8":0,"9":0,"10":0,"11":0,"12":0,"13":0,"14":0,"15":0,"16":0,"17":0,"18":0,"19":0,"20":0,"21":0,"22":0,"23":0,"24":0,"25":0,"26":0,"27":7},"f":{"0":0,"1":0,"2":0,"3":0,"4":0,"5":0,"6":0},"b":{"0":[0,0],"1":[0],"2":[0],"3":[0,0],"4":[0,0]}}
,"D:\\neobank_project\\src\\components\\UI\\Modal\\index.tsx": {"path":"D:\\neobank_project\\src\\components\\UI\\Modal\\index.tsx","statementMap":{"0":{"start":{"line":1,"column":0},"end":{"line":1,"column":9}},"1":{"start":{"line":1,"column":9},"end":{"line":1,"column":32}}},"fnMap":{"0":{"name":"(anonymous_0)","decl":{"start":{"line":1,"column":9},"end":{"line":1,"column":14}},"loc":{"start":{"line":1,"column":9},"end":{"line":1,"column":32}}}},"branchMap":{},"s":{"0":7,"1":7},"f":{"0":0},"b":{}}
,"D:\\neobank_project\\src\\components\\UI\\Select\\Select.tsx": {"path":"D:\\neobank_project\\src\\components\\UI\\Select\\Select.tsx","statementMap":{"0":{"start":{"line":2,"column":0},"end":{"line":2,"column":23}},"1":{"start":{"line":11,"column":33},"end":{"line":25,"column":1}},"2":{"start":{"line":12,"column":2},"end":{"line":24,"column":4}},"3":{"start":{"line":16,"column":10},"end":{"line":20,"column":12}},"4":{"start":{"line":27,"column":9},"end":{"line":27,"column":15}}},"fnMap":{"0":{"name":"(anonymous_0)","decl":{"start":{"line":11,"column":33},"end":{"line":11,"column":34}},"loc":{"start":{"line":11,"column":71},"end":{"line":25,"column":1}}},"1":{"name":"(anonymous_1)","decl":{"start":{"line":15,"column":20},"end":{"line":15,"column":21}},"loc":{"start":{"line":15,"column":38},"end":{"line":21,"column":9}}}},"branchMap":{},"s":{"0":7,"1":7,"2":5,"3":10,"4":7},"f":{"0":5,"1":10},"b":{}}
,"D:\\neobank_project\\src\\components\\UI\\Select\\index.tsx": {"path":"D:\\neobank_project\\src\\components\\UI\\Select\\index.tsx","statementMap":{"0":{"start":{"line":1,"column":0},"end":{"line":1,"column":9}},"1":{"start":{"line":1,"column":9},"end":{"line":1,"column":34}}},"fnMap":{"0":{"name":"(anonymous_0)","decl":{"start":{"line":1,"column":9},"end":{"line":1,"column":15}},"loc":{"start":{"line":1,"column":9},"end":{"line":1,"column":34}}}},"branchMap":{},"s":{"0":7,"1":12},"f":{"0":5},"b":{}}
,"D:\\neobank_project\\src\\components\\UI\\SliderCard\\SliderCard.tsx": {"path":"D:\\neobank_project\\src\\components\\UI\\SliderCard\\SliderCard.tsx","statementMap":{"0":{"start":{"line":2,"column":0},"end":{"line":2,"column":27}},"1":{"start":{"line":11,"column":35},"end":{"line":27,"column":1}},"2":{"start":{"line":12,"column":4},"end":{"line":26,"column":null}},"3":{"start":{"line":29,"column":9},"end":{"line":29,"column":19}}},"fnMap":{"0":{"name":"(anonymous_0)","decl":{"start":{"line":11,"column":35},"end":{"line":11,"column":36}},"loc":{"start":{"line":11,"column":79},"end":{"line":27,"column":1}}}},"branchMap":{},"s":{"0":7,"1":7,"2":0,"3":7},"f":{"0":0},"b":{}}
,"D:\\neobank_project\\src\\components\\UI\\SliderCard\\index.tsx": {"path":"D:\\neobank_project\\src\\components\\UI\\SliderCard\\index.tsx","statementMap":{"0":{"start":{"line":1,"column":0},"end":{"line":1,"column":9}},"1":{"start":{"line":1,"column":9},"end":{"line":1,"column":42}}},"fnMap":{"0":{"name":"(anonymous_0)","decl":{"start":{"line":1,"column":9},"end":{"line":1,"column":19}},"loc":{"start":{"line":1,"column":9},"end":{"line":1,"column":42}}}},"branchMap":{},"s":{"0":7,"1":7},"f":{"0":0},"b":{}}
,"D:\\neobank_project\\src\\components\\UI\\Table\\Table.tsx": {"path":"D:\\neobank_project\\src\\components\\UI\\Table\\Table.tsx","statementMap":{"0":{"start":{"line":1,"column":0},"end":{"line":1,"column":50}},"1":{"start":{"line":2,"column":0},"end":{"line":2,"column":22}},"2":{"start":{"line":3,"column":0},"end":{"line":3,"column":41}},"3":{"start":{"line":11,"column":31},"end":{"line":83,"column":1}},"4":{"start":{"line":15,"column":32},"end":{"line":15,"column":60}},"5":{"start":{"line":16,"column":36},"end":{"line":16,"column":63}},"6":{"start":{"line":24,"column":19},"end":{"line":33,"column":3}},"7":{"start":{"line":25,"column":4},"end":{"line":25,"column":35}},"8":{"start":{"line":25,"column":18},"end":{"line":25,"column":35}},"9":{"start":{"line":26,"column":23},"end":{"line":28,"column":6}},"10":{"start":{"line":27,"column":8},"end":{"line":27,"column":48}},"11":{"start":{"line":29,"column":4},"end":{"line":31,"column":5}},"12":{"start":{"line":30,"column":8},"end":{"line":30,"column":36}},"13":{"start":{"line":32,"column":4},"end":{"line":32,"column":22}},"14":{"start":{"line":35,"column":21},"end":{"line":39,"column":null}},"15":{"start":{"line":36,"column":4},"end":{"line":38,"column":6}},"16":{"start":{"line":42,"column":21},"end":{"line":45,"column":3}},"17":{"start":{"line":43,"column":4},"end":{"line":43,"column":57}},"18":{"start":{"line":44,"column":4},"end":{"line":44,"column":20}},"19":{"start":{"line":47,"column":2},"end":{"line":82,"column":4}},"20":{"start":{"line":53,"column":12},"end":{"line":64,"column":14}},"21":{"start":{"line":55,"column":39},"end":{"line":55,"column":61}},"22":{"start":{"line":70,"column":10},"end":{"line":70,"column":29}},"23":{"start":{"line":72,"column":14},"end":{"line":72,"column":34}},"24":{"start":{"line":85,"column":9},"end":{"line":85,"column":14}}},"fnMap":{"0":{"name":"(anonymous_0)","decl":{"start":{"line":11,"column":31},"end":{"line":11,"column":32}},"loc":{"start":{"line":11,"column":53},"end":{"line":83,"column":1}}},"1":{"name":"(anonymous_1)","decl":{"start":{"line":24,"column":19},"end":{"line":24,"column":20}},"loc":{"start":{"line":24,"column":62},"end":{"line":33,"column":3}}},"2":{"name":"(anonymous_2)","decl":{"start":{"line":26,"column":38},"end":{"line":26,"column":39}},"loc":{"start":{"line":26,"column":47},"end":{"line":28,"column":5}}},"3":{"name":"(anonymous_3)","decl":{"start":{"line":35,"column":33},"end":{"line":35,"column":36}},"loc":{"start":{"line":36,"column":4},"end":{"line":38,"column":6}}},"4":{"name":"(anonymous_4)","decl":{"start":{"line":42,"column":21},"end":{"line":42,"column":22}},"loc":{"start":{"line":42,"column":39},"end":{"line":45,"column":3}}},"5":{"name":"(anonymous_5)","decl":{"start":{"line":52,"column":23},"end":{"line":52,"column":24}},"loc":{"start":{"line":52,"column":34},"end":{"line":65,"column":11}}},"6":{"name":"(anonymous_6)","decl":{"start":{"line":55,"column":33},"end":{"line":55,"column":36}},"loc":{"start":{"line":55,"column":39},"end":{"line":55,"column":61}}},"7":{"name":"(anonymous_7)","decl":{"start":{"line":69,"column":26},"end":{"line":69,"column":27}},"loc":{"start":{"line":70,"column":10},"end":{"line":70,"column":29}}},"8":{"name":"(anonymous_8)","decl":{"start":{"line":71,"column":36},"end":{"line":71,"column":37}},"loc":{"start":{"line":72,"column":14},"end":{"line":72,"column":34}}}},"branchMap":{"0":{"loc":{"start":{"line":25,"column":4},"end":{"line":25,"column":35}},"type":"if","locations":[{"start":{"line":25,"column":4},"end":{"line":25,"column":35}}]},"1":{"loc":{"start":{"line":27,"column":15},"end":{"line":27,"column":47}},"type":"cond-expr","locations":[{"start":{"line":27,"column":41},"end":{"line":27,"column":42}},{"start":{"line":27,"column":45},"end":{"line":27,"column":47}}]},"2":{"loc":{"start":{"line":29,"column":4},"end":{"line":31,"column":5}},"type":"if","locations":[{"start":{"line":29,"column":4},"end":{"line":31,"column":5}}]},"3":{"loc":{"start":{"line":43,"column":17},"end":{"line":43,"column":55}},"type":"cond-expr","locations":[{"start":{"line":43,"column":40},"end":{"line":43,"column":46}},{"start":{"line":43,"column":49},"end":{"line":43,"column":55}}]},"4":{"loc":{"start":{"line":58,"column":20},"end":{"line":60,"column":null}},"type":"cond-expr","locations":[{"start":{"line":59,"column":24},"end":{"line":59,"column":46}},{"start":{"line":60,"column":24},"end":{"line":60,"column":null}}]},"5":{"loc":{"start":{"line":58,"column":20},"end":{"line":58,"column":66}},"type":"binary-expr","locations":[{"start":{"line":58,"column":20},"end":{"line":58,"column":42}},{"start":{"line":58,"column":46},"end":{"line":58,"column":66}}]}},"s":{"0":7,"1":7,"2":7,"3":7,"4":0,"5":0,"6":0,"7":0,"8":0,"9":0,"10":0,"11":0,"12":0,"13":0,"14":0,"15":0,"16":0,"17":0,"18":0,"19":0,"20":0,"21":0,"22":0,"23":0,"24":7},"f":{"0":0,"1":0,"2":0,"3":0,"4":0,"5":0,"6":0,"7":0,"8":0},"b":{"0":[0],"1":[0,0],"2":[0],"3":[0,0],"4":[0,0],"5":[0,0]}}
,"D:\\neobank_project\\src\\components\\UI\\Table\\index.tsx": {"path":"D:\\neobank_project\\src\\components\\UI\\Table\\index.tsx","statementMap":{"0":{"start":{"line":1,"column":0},"end":{"line":1,"column":9}},"1":{"start":{"line":1,"column":9},"end":{"line":1,"column":32}}},"fnMap":{"0":{"name":"(anonymous_0)","decl":{"start":{"line":1,"column":9},"end":{"line":1,"column":14}},"loc":{"start":{"line":1,"column":9},"end":{"line":1,"column":32}}}},"branchMap":{},"s":{"0":7,"1":7},"f":{"0":0},"b":{}}
,"D:\\neobank_project\\src\\components\\UI\\TabsPanel\\TabsPanel.tsx": {"path":"D:\\neobank_project\\src\\components\\UI\\TabsPanel\\TabsPanel.tsx","statementMap":{"0":{"start":{"line":1,"column":0},"end":{"line":1,"column":48}},"1":{"start":{"line":2,"column":0},"end":{"line":2,"column":26}},"2":{"start":{"line":13,"column":39},"end":{"line":36,"column":3}},"3":{"start":{"line":14,"column":38},"end":{"line":14,"column":57}},"4":{"start":{"line":16,"column":27},"end":{"line":18,"column":5}},"5":{"start":{"line":17,"column":6},"end":{"line":17,"column":26}},"6":{"start":{"line":20,"column":4},"end":{"line":35,"column":6}},"7":{"start":{"line":25,"column":14},"end":{"line":25,"column":34}},"8":{"start":{"line":25,"column":49},"end":{"line":25,"column":70}},"9":{"start":{"line":38,"column":9},"end":{"line":38,"column":18}}},"fnMap":{"0":{"name":"(anonymous_0)","decl":{"start":{"line":13,"column":39},"end":{"line":13,"column":40}},"loc":{"start":{"line":13,"column":52},"end":{"line":36,"column":3}}},"1":{"name":"(anonymous_1)","decl":{"start":{"line":16,"column":27},"end":{"line":16,"column":28}},"loc":{"start":{"line":16,"column":45},"end":{"line":18,"column":5}}},"2":{"name":"(anonymous_2)","decl":{"start":{"line":24,"column":21},"end":{"line":24,"column":22}},"loc":{"start":{"line":25,"column":14},"end":{"line":25,"column":34}}},"3":{"name":"(anonymous_3)","decl":{"start":{"line":25,"column":43},"end":{"line":25,"column":46}},"loc":{"start":{"line":25,"column":49},"end":{"line":25,"column":70}}}},"branchMap":{"0":{"loc":{"start":{"line":25,"column":83},"end":{"line":25,"column":118}},"type":"cond-expr","locations":[{"start":{"line":25,"column":105},"end":{"line":25,"column":113}},{"start":{"line":25,"column":116},"end":{"line":25,"column":118}}]}},"s":{"0":7,"1":7,"2":7,"3":0,"4":0,"5":0,"6":0,"7":0,"8":0,"9":7},"f":{"0":0,"1":0,"2":0,"3":0},"b":{"0":[0,0]}}
,"D:\\neobank_project\\src\\components\\UI\\TabsPanel\\index.tsx": {"path":"D:\\neobank_project\\src\\components\\UI\\TabsPanel\\index.tsx","statementMap":{"0":{"start":{"line":1,"column":0},"end":{"line":1,"column":9}},"1":{"start":{"line":1,"column":9},"end":{"line":1,"column":40}}},"fnMap":{"0":{"name":"(anonymous_0)","decl":{"start":{"line":1,"column":9},"end":{"line":1,"column":18}},"loc":{"start":{"line":1,"column":9},"end":{"line":1,"column":40}}}},"branchMap":{},"s":{"0":7,"1":7},"f":{"0":0},"b":{}}
,"D:\\neobank_project\\src\\components\\UI\\Tooltip\\Tooltip.tsx": {"path":"D:\\neobank_project\\src\\components\\UI\\Tooltip\\Tooltip.tsx","statementMap":{"0":{"start":{"line":1,"column":0},"end":{"line":1,"column":51}},"1":{"start":{"line":2,"column":0},"end":{"line":2,"column":23}},"2":{"start":{"line":9,"column":35},"end":{"line":30,"column":1}},"3":{"start":{"line":10,"column":40},"end":{"line":10,"column":64}},"4":{"start":{"line":12,"column":27},"end":{"line":14,"column":3}},"5":{"start":{"line":13,"column":4},"end":{"line":13,"column":25}},"6":{"start":{"line":16,"column":27},"end":{"line":18,"column":3}},"7":{"start":{"line":17,"column":4},"end":{"line":17,"column":26}},"8":{"start":{"line":20,"column":2},"end":{"line":29,"column":4}},"9":{"start":{"line":32,"column":9},"end":{"line":32,"column":16}}},"fnMap":{"0":{"name":"(anonymous_0)","decl":{"start":{"line":9,"column":35},"end":{"line":9,"column":36}},"loc":{"start":{"line":9,"column":58},"end":{"line":30,"column":1}}},"1":{"name":"(anonymous_1)","decl":{"start":{"line":12,"column":27},"end":{"line":12,"column":30}},"loc":{"start":{"line":12,"column":32},"end":{"line":14,"column":3}}},"2":{"name":"(anonymous_2)","decl":{"start":{"line":16,"column":27},"end":{"line":16,"column":30}},"loc":{"start":{"line":16,"column":32},"end":{"line":18,"column":3}}}},"branchMap":{"0":{"loc":{"start":{"line":23,"column":7},"end":{"line":26,"column":null}},"type":"binary-expr","locations":[{"start":{"line":23,"column":7},"end":{"line":23,"column":18}},{"start":{"line":24,"column":8},"end":{"line":25,"column":null}}]}},"s":{"0":7,"1":7,"2":7,"3":0,"4":0,"5":0,"6":0,"7":0,"8":0,"9":7},"f":{"0":0,"1":0,"2":0},"b":{"0":[0,0]}}
,"D:\\neobank_project\\src\\components\\UI\\Tooltip\\index.tsx": {"path":"D:\\neobank_project\\src\\components\\UI\\Tooltip\\index.tsx","statementMap":{"0":{"start":{"line":1,"column":0},"end":{"line":1,"column":9}},"1":{"start":{"line":1,"column":9},"end":{"line":1,"column":36}}},"fnMap":{"0":{"name":"(anonymous_0)","decl":{"start":{"line":1,"column":9},"end":{"line":1,"column":16}},"loc":{"start":{"line":1,"column":9},"end":{"line":1,"column":36}}}},"branchMap":{},"s":{"0":7,"1":7},"f":{"0":0},"b":{}}
,"D:\\neobank_project\\src\\constant\\api.ts": {"path":"D:\\neobank_project\\src\\constant\\api.ts","statementMap":{"0":{"start":{"line":1,"column":13},"end":{"line":1,"column":null}},"1":{"start":{"line":2,"column":13},"end":{"line":2,"column":null}},"2":{"start":{"line":3,"column":13},"end":{"line":3,"column":null}},"3":{"start":{"line":5,"column":13},"end":{"line":5,"column":null}},"4":{"start":{"line":6,"column":13},"end":{"line":6,"column":119}},"5":{"start":{"line":8,"column":13},"end":{"line":8,"column":null}},"6":{"start":{"line":10,"column":13},"end":{"line":10,"column":null}},"7":{"start":{"line":12,"column":13},"end":{"line":12,"column":null}},"8":{"start":{"line":14,"column":13},"end":{"line":14,"column":null}},"9":{"start":{"line":16,"column":13},"end":{"line":16,"column":null}},"10":{"start":{"line":18,"column":13},"end":{"line":18,"column":null}},"11":{"start":{"line":20,"column":13},"end":{"line":20,"column":null}}},"fnMap":{},"branchMap":{},"s":{"0":2,"1":2,"2":2,"3":2,"4":2,"5":2,"6":2,"7":2,"8":2,"9":2,"10":2,"11":2},"f":{},"b":{}}
,"D:\\neobank_project\\src\\constant\\cardFeatures.ts": {"path":"D:\\neobank_project\\src\\constant\\cardFeatures.ts","statementMap":{"0":{"start":{"line":8,"column":13},"end":{"line":27,"column":2}}},"fnMap":{},"branchMap":{},"s":{"0":2},"f":{},"b":{}}
,"D:\\neobank_project\\src\\constant\\currencies.ts": {"path":"D:\\neobank_project\\src\\constant\\currencies.ts","statementMap":{"0":{"start":{"line":6,"column":13},"end":{"line":13,"column":2}},"1":{"start":{"line":15,"column":13},"end":{"line":15,"column":null}}},"fnMap":{},"branchMap":{},"s":{"0":3,"1":3},"f":{},"b":{}}
,"D:\\neobank_project\\src\\constant\\footerlinks.ts": {"path":"D:\\neobank_project\\src\\constant\\footerlinks.ts","statementMap":{"0":{"start":{"line":7,"column":13},"end":{"line":58,"column":2}}},"fnMap":{},"branchMap":{},"s":{"0":2},"f":{},"b":{}}
,"D:\\neobank_project\\src\\constant\\getCardSteps.ts": {"path":"D:\\neobank_project\\src\\constant\\getCardSteps.ts","statementMap":{"0":{"start":{"line":7,"column":13},"end":{"line":23,"column":2}}},"fnMap":{},"branchMap":{},"s":{"0":2},"f":{},"b":{}}
,"D:\\neobank_project\\src\\constant\\headerlinks.ts": {"path":"D:\\neobank_project\\src\\constant\\headerlinks.ts","statementMap":{"0":{"start":{"line":7,"column":13},"end":{"line":28,"column":2}}},"fnMap":{},"branchMap":{},"s":{"0":2},"f":{},"b":{}}
,"D:\\neobank_project\\src\\constant\\index.ts": {"path":"D:\\neobank_project\\src\\constant\\index.ts","statementMap":{"0":{"start":{"line":1,"column":0},"end":{"line":1,"column":9}},"1":{"start":{"line":1,"column":9},"end":{"line":1,"column":44}},"2":{"start":{"line":2,"column":0},"end":{"line":2,"column":9}},"3":{"start":{"line":2,"column":9},"end":{"line":2,"column":44}},"4":{"start":{"line":3,"column":0},"end":{"line":3,"column":9}},"5":{"start":{"line":3,"column":9},"end":{"line":3,"column":25}},"6":{"start":{"line":3,"column":25},"end":{"line":3,"column":62}},"7":{"start":{"line":4,"column":0},"end":{"line":4,"column":null}},"8":{"start":{"line":5,"column":4},"end":{"line":5,"column":null}},"9":{"start":{"line":6,"column":4},"end":{"line":6,"column":null}},"10":{"start":{"line":7,"column":4},"end":{"line":7,"column":null}},"11":{"start":{"line":8,"column":4},"end":{"line":8,"column":null}},"12":{"start":{"line":9,"column":4},"end":{"line":9,"column":null}},"13":{"start":{"line":10,"column":4},"end":{"line":10,"column":null}},"14":{"start":{"line":11,"column":4},"end":{"line":11,"column":null}},"15":{"start":{"line":12,"column":4},"end":{"line":12,"column":null}},"16":{"start":{"line":13,"column":4},"end":{"line":13,"column":36}},"17":{"start":{"line":15,"column":0},"end":{"line":15,"column":9}},"18":{"start":{"line":15,"column":9},"end":{"line":15,"column":21}},"19":{"start":{"line":15,"column":21},"end":{"line":15,"column":33}},"20":{"start":{"line":15,"column":33},"end":{"line":15,"column":48}},"21":{"start":{"line":15,"column":48},"end":{"line":15,"column":68}},"22":{"start":{"line":15,"column":68},"end":{"line":15,"column":99}},"23":{"start":{"line":17,"column":0},"end":{"line":17,"column":9}},"24":{"start":{"line":17,"column":9},"end":{"line":17,"column":46}},"25":{"start":{"line":19,"column":0},"end":{"line":19,"column":9}},"26":{"start":{"line":19,"column":9},"end":{"line":19,"column":46}}},"fnMap":{"0":{"name":"(anonymous_0)","decl":{"start":{"line":1,"column":9},"end":{"line":1,"column":20}},"loc":{"start":{"line":1,"column":9},"end":{"line":1,"column":44}}},"1":{"name":"(anonymous_1)","decl":{"start":{"line":2,"column":9},"end":{"line":2,"column":20}},"loc":{"start":{"line":2,"column":9},"end":{"line":2,"column":44}}},"2":{"name":"(anonymous_2)","decl":{"start":{"line":3,"column":9},"end":{"line":3,"column":23}},"loc":{"start":{"line":3,"column":9},"end":{"line":3,"column":25}}},"3":{"name":"(anonymous_3)","decl":{"start":{"line":3,"column":25},"end":{"line":3,"column":39}},"loc":{"start":{"line":3,"column":25},"end":{"line":3,"column":62}}},"4":{"name":"(anonymous_4)","decl":{"start":{"line":5,"column":4},"end":{"line":5,"column":20}},"loc":{"start":{"line":5,"column":4},"end":{"line":5,"column":null}}},"5":{"name":"(anonymous_5)","decl":{"start":{"line":6,"column":4},"end":{"line":6,"column":21}},"loc":{"start":{"line":6,"column":4},"end":{"line":6,"column":null}}},"6":{"name":"(anonymous_6)","decl":{"start":{"line":7,"column":4},"end":{"line":7,"column":20}},"loc":{"start":{"line":7,"column":4},"end":{"line":7,"column":null}}},"7":{"name":"(anonymous_7)","decl":{"start":{"line":8,"column":4},"end":{"line":8,"column":17}},"loc":{"start":{"line":8,"column":4},"end":{"line":8,"column":null}}},"8":{"name":"(anonymous_8)","decl":{"start":{"line":9,"column":4},"end":{"line":9,"column":22}},"loc":{"start":{"line":9,"column":4},"end":{"line":9,"column":null}}},"9":{"name":"(anonymous_9)","decl":{"start":{"line":10,"column":4},"end":{"line":10,"column":17}},"loc":{"start":{"line":10,"column":4},"end":{"line":10,"column":null}}},"10":{"name":"(anonymous_10)","decl":{"start":{"line":11,"column":4},"end":{"line":11,"column":19}},"loc":{"start":{"line":11,"column":4},"end":{"line":11,"column":null}}},"11":{"name":"(anonymous_11)","decl":{"start":{"line":12,"column":4},"end":{"line":12,"column":20}},"loc":{"start":{"line":12,"column":4},"end":{"line":12,"column":null}}},"12":{"name":"(anonymous_12)","decl":{"start":{"line":13,"column":4},"end":{"line":13,"column":20}},"loc":{"start":{"line":13,"column":4},"end":{"line":13,"column":36}}},"13":{"name":"(anonymous_13)","decl":{"start":{"line":15,"column":9},"end":{"line":15,"column":19}},"loc":{"start":{"line":15,"column":9},"end":{"line":15,"column":21}}},"14":{"name":"(anonymous_14)","decl":{"start":{"line":15,"column":21},"end":{"line":15,"column":31}},"loc":{"start":{"line":15,"column":21},"end":{"line":15,"column":33}}},"15":{"name":"(anonymous_15)","decl":{"start":{"line":15,"column":33},"end":{"line":15,"column":46}},"loc":{"start":{"line":15,"column":33},"end":{"line":15,"column":48}}},"16":{"name":"(anonymous_16)","decl":{"start":{"line":15,"column":48},"end":{"line":15,"column":66}},"loc":{"start":{"line":15,"column":48},"end":{"line":15,"column":68}}},"17":{"name":"(anonymous_17)","decl":{"start":{"line":15,"column":68},"end":{"line":15,"column":82}},"loc":{"start":{"line":15,"column":68},"end":{"line":15,"column":99}}},"18":{"name":"(anonymous_18)","decl":{"start":{"line":17,"column":9},"end":{"line":17,"column":21}},"loc":{"start":{"line":17,"column":9},"end":{"line":17,"column":46}}},"19":{"name":"(anonymous_19)","decl":{"start":{"line":19,"column":9},"end":{"line":19,"column":21}},"loc":{"start":{"line":19,"column":9},"end":{"line":19,"column":46}}}},"branchMap":{},"s":{"0":2,"1":5,"2":2,"3":4,"4":2,"5":2,"6":2,"7":2,"8":2,"9":2,"10":2,"11":2,"12":2,"13":2,"14":2,"15":2,"16":2,"17":2,"18":2,"19":2,"20":2,"21":2,"22":2,"23":2,"24":2,"25":2,"26":2},"f":{"0":3,"1":2,"2":0,"3":0,"4":0,"5":0,"6":0,"7":0,"8":0,"9":0,"10":0,"11":0,"12":0,"13":0,"14":0,"15":0,"16":0,"17":0,"18":0,"19":0},"b":{}}
,"D:\\neobank_project\\src\\constant\\tabs\\about.ts": {"path":"D:\\neobank_project\\src\\constant\\tabs\\about.ts","statementMap":{"0":{"start":{"line":1,"column":0},"end":{"line":1,"column":44}},"1":{"start":{"line":2,"column":0},"end":{"line":2,"column":50}},"2":{"start":{"line":3,"column":0},"end":{"line":3,"column":44}},"3":{"start":{"line":4,"column":0},"end":{"line":4,"column":40}},"4":{"start":{"line":5,"column":0},"end":{"line":5,"column":56}},"5":{"start":{"line":15,"column":13},"end":{"line":51,"column":2}}},"fnMap":{},"branchMap":{},"s":{"0":2,"1":2,"2":2,"3":2,"4":2,"5":2},"f":{},"b":{}}
,"D:\\neobank_project\\src\\constant\\tabs\\cashback.ts": {"path":"D:\\neobank_project\\src\\constant\\tabs\\cashback.ts","statementMap":{"0":{"start":{"line":7,"column":13},"end":{"line":38,"column":2}}},"fnMap":{},"branchMap":{},"s":{"0":2},"f":{},"b":{}}
,"D:\\neobank_project\\src\\constant\\tabs\\index.ts": {"path":"D:\\neobank_project\\src\\constant\\tabs\\index.ts","statementMap":{"0":{"start":{"line":2,"column":0},"end":{"line":2,"column":9}},"1":{"start":{"line":2,"column":9},"end":{"line":2,"column":37}},"2":{"start":{"line":4,"column":0},"end":{"line":4,"column":9}},"3":{"start":{"line":4,"column":9},"end":{"line":4,"column":37}},"4":{"start":{"line":6,"column":0},"end":{"line":6,"column":9}},"5":{"start":{"line":6,"column":9},"end":{"line":6,"column":43}},"6":{"start":{"line":8,"column":0},"end":{"line":8,"column":9}},"7":{"start":{"line":8,"column":9},"end":{"line":8,"column":53}},"8":{"start":{"line":10,"column":0},"end":{"line":10,"column":9}},"9":{"start":{"line":10,"column":9},"end":{"line":10,"column":45}}},"fnMap":{"0":{"name":"(anonymous_0)","decl":{"start":{"line":2,"column":9},"end":{"line":2,"column":19}},"loc":{"start":{"line":2,"column":9},"end":{"line":2,"column":37}}},"1":{"name":"(anonymous_1)","decl":{"start":{"line":4,"column":9},"end":{"line":4,"column":19}},"loc":{"start":{"line":4,"column":9},"end":{"line":4,"column":37}}},"2":{"name":"(anonymous_2)","decl":{"start":{"line":6,"column":9},"end":{"line":6,"column":22}},"loc":{"start":{"line":6,"column":9},"end":{"line":6,"column":43}}},"3":{"name":"(anonymous_3)","decl":{"start":{"line":8,"column":9},"end":{"line":8,"column":27}},"loc":{"start":{"line":8,"column":9},"end":{"line":8,"column":53}}},"4":{"name":"(anonymous_4)","decl":{"start":{"line":10,"column":9},"end":{"line":10,"column":23}},"loc":{"start":{"line":10,"column":9},"end":{"line":10,"column":45}}}},"branchMap":{},"s":{"0":2,"1":2,"2":2,"3":2,"4":2,"5":2,"6":2,"7":2,"8":2,"9":2},"f":{"0":0,"1":0,"2":0,"3":0,"4":0},"b":{}}
,"D:\\neobank_project\\src\\constant\\tabs\\rates.ts": {"path":"D:\\neobank_project\\src\\constant\\tabs\\rates.ts","statementMap":{"0":{"start":{"line":8,"column":13},"end":{"line":45,"column":2}}},"fnMap":{},"branchMap":{},"s":{"0":2},"f":{},"b":{}}
,"D:\\neobank_project\\src\\constant\\tabs\\receivingCard.ts": {"path":"D:\\neobank_project\\src\\constant\\tabs\\receivingCard.ts","statementMap":{"0":{"start":{"line":7,"column":13},"end":{"line":33,"column":2}}},"fnMap":{},"branchMap":{},"s":{"0":2},"f":{},"b":{}}
,"D:\\neobank_project\\src\\constant\\tabs\\usingCard.ts": {"path":"D:\\neobank_project\\src\\constant\\tabs\\usingCard.ts","statementMap":{"0":{"start":{"line":7,"column":13},"end":{"line":28,"column":2}}},"fnMap":{},"branchMap":{},"s":{"0":2},"f":{},"b":{}}
,"D:\\neobank_project\\src\\store\\applicationSlice.ts": {"path":"D:\\neobank_project\\src\\store\\applicationSlice.ts","statementMap":{"0":{"start":{"line":1,"column":0},"end":{"line":1,"column":67}},"1":{"start":{"line":9,"column":35},"end":{"line":12,"column":2}},"2":{"start":{"line":14,"column":25},"end":{"line":26,"column":2}},"3":{"start":{"line":19,"column":12},"end":{"line":19,"column":51}},"4":{"start":{"line":22,"column":12},"end":{"line":22,"column":49}},"5":{"start":{"line":28,"column":13},"end":{"line":28,"column":56}},"6":{"start":{"line":29,"column":36},"end":{"line":29,"column":91}},"7":{"start":{"line":29,"column":58},"end":{"line":29,"column":91}},"8":{"start":{"line":29,"column":13},"end":{"line":29,"column":36}},"9":{"start":{"line":30,"column":34},"end":{"line":30,"column":86}},"10":{"start":{"line":30,"column":55},"end":{"line":30,"column":86}},"11":{"start":{"line":30,"column":13},"end":{"line":30,"column":34}},"12":{"start":{"line":31,"column":0},"end":{"line":31,"column":40}}},"fnMap":{"0":{"name":"(anonymous_0)","decl":{"start":{"line":18,"column":28},"end":{"line":18,"column":29}},"loc":{"start":{"line":18,"column":69},"end":{"line":20,"column":9}}},"1":{"name":"(anonymous_1)","decl":{"start":{"line":21,"column":26},"end":{"line":21,"column":27}},"loc":{"start":{"line":21,"column":67},"end":{"line":23,"column":9}}},"2":{"name":"(anonymous_2)","decl":{"start":{"line":24,"column":15},"end":{"line":24,"column":18}},"loc":{"start":{"line":24,"column":20},"end":{"line":24,"column":23}}},"3":{"name":"(anonymous_3)","decl":{"start":{"line":29,"column":36},"end":{"line":29,"column":37}},"loc":{"start":{"line":29,"column":58},"end":{"line":29,"column":91}}},"4":{"name":"(anonymous_4)","decl":{"start":{"line":30,"column":34},"end":{"line":30,"column":35}},"loc":{"start":{"line":30,"column":55},"end":{"line":30,"column":86}}}},"branchMap":{},"s":{"0":7,"1":7,"2":7,"3":0,"4":0,"5":7,"6":7,"7":0,"8":7,"9":7,"10":0,"11":7,"12":7},"f":{"0":0,"1":0,"2":0,"3":0,"4":0},"b":{}}
,"D:\\neobank_project\\src\\store\\main.ts": {"path":"D:\\neobank_project\\src\\store\\main.ts","statementMap":{"0":{"start":{"line":1,"column":0},"end":{"line":1,"column":67}},"1":{"start":{"line":2,"column":0},"end":{"line":2,"column":112}},"2":{"start":{"line":3,"column":0},"end":{"line":3,"column":48}},"3":{"start":{"line":4,"column":0},"end":{"line":4,"column":50}},"4":{"start":{"line":5,"column":0},"end":{"line":5,"column":52}},"5":{"start":{"line":7,"column":13},"end":{"line":10,"column":3}},"6":{"start":{"line":12,"column":22},"end":{"line":15,"column":2}},"7":{"start":{"line":17,"column":25},"end":{"line":17,"column":67}},"8":{"start":{"line":19,"column":13},"end":{"line":28,"column":null}},"9":{"start":{"line":22,"column":8},"end":{"line":26,"column":null}},"10":{"start":{"line":36,"column":13},"end":{"line":36,"column":45}},"11":{"start":{"line":37,"column":0},"end":{"line":37,"column":21}}},"fnMap":{"0":{"name":"(anonymous_0)","decl":{"start":{"line":21,"column":16},"end":{"line":21,"column":17}},"loc":{"start":{"line":22,"column":8},"end":{"line":26,"column":null}}}},"branchMap":{},"s":{"0":7,"1":7,"2":7,"3":7,"4":7,"5":7,"6":7,"7":7,"8":7,"9":7,"10":7,"11":7},"f":{"0":7},"b":{}}
,"D:\\neobank_project\\src\\store\\prescoringSlice.ts": {"path":"D:\\neobank_project\\src\\store\\prescoringSlice.ts","statementMap":{"0":{"start":{"line":2,"column":0},"end":{"line":2,"column":67}},"1":{"start":{"line":13,"column":39},"end":{"line":29,"column":2}},"2":{"start":{"line":31,"column":24},"end":{"line":51,"column":2}},"3":{"start":{"line":36,"column":6},"end":{"line":36,"column":38}},"4":{"start":{"line":39,"column":6},"end":{"line":39,"column":36}},"5":{"start":{"line":42,"column":6},"end":{"line":42,"column":44}},"6":{"start":{"line":45,"column":6},"end":{"line":45,"column":36}},"7":{"start":{"line":48,"column":6},"end":{"line":48,"column":40}},"8":{"start":{"line":53,"column":13},"end":{"line":53,"column":87}},"9":{"start":{"line":56,"column":29},"end":{"line":56,"column":76}},"10":{"start":{"line":56,"column":51},"end":{"line":56,"column":76}},"11":{"start":{"line":56,"column":13},"end":{"line":56,"column":29}},"12":{"start":{"line":57,"column":27},"end":{"line":57,"column":72}},"13":{"start":{"line":57,"column":49},"end":{"line":57,"column":72}},"14":{"start":{"line":57,"column":13},"end":{"line":57,"column":27}},"15":{"start":{"line":58,"column":35},"end":{"line":58,"column":88}},"16":{"start":{"line":58,"column":57},"end":{"line":58,"column":88}},"17":{"start":{"line":58,"column":13},"end":{"line":58,"column":35}},"18":{"start":{"line":59,"column":27},"end":{"line":59,"column":72}},"19":{"start":{"line":59,"column":49},"end":{"line":59,"column":72}},"20":{"start":{"line":59,"column":13},"end":{"line":59,"column":27}},"21":{"start":{"line":60,"column":31},"end":{"line":60,"column":80}},"22":{"start":{"line":60,"column":53},"end":{"line":60,"column":80}},"23":{"start":{"line":60,"column":13},"end":{"line":60,"column":31}},"24":{"start":{"line":62,"column":0},"end":{"line":62,"column":39}}},"fnMap":{"0":{"name":"(anonymous_0)","decl":{"start":{"line":35,"column":17},"end":{"line":35,"column":18}},"loc":{"start":{"line":35,"column":67},"end":{"line":37,"column":5}}},"1":{"name":"(anonymous_1)","decl":{"start":{"line":38,"column":15},"end":{"line":38,"column":16}},"loc":{"start":{"line":38,"column":61},"end":{"line":40,"column":5}}},"2":{"name":"(anonymous_2)","decl":{"start":{"line":41,"column":23},"end":{"line":41,"column":24}},"loc":{"start":{"line":41,"column":64},"end":{"line":43,"column":5}}},"3":{"name":"(anonymous_3)","decl":{"start":{"line":44,"column":15},"end":{"line":44,"column":16}},"loc":{"start":{"line":44,"column":56},"end":{"line":46,"column":5}}},"4":{"name":"(anonymous_4)","decl":{"start":{"line":47,"column":19},"end":{"line":47,"column":20}},"loc":{"start":{"line":47,"column":60},"end":{"line":49,"column":5}}},"5":{"name":"(anonymous_5)","decl":{"start":{"line":56,"column":29},"end":{"line":56,"column":30}},"loc":{"start":{"line":56,"column":51},"end":{"line":56,"column":76}}},"6":{"name":"(anonymous_6)","decl":{"start":{"line":57,"column":27},"end":{"line":57,"column":28}},"loc":{"start":{"line":57,"column":49},"end":{"line":57,"column":72}}},"7":{"name":"(anonymous_7)","decl":{"start":{"line":58,"column":35},"end":{"line":58,"column":36}},"loc":{"start":{"line":58,"column":57},"end":{"line":58,"column":88}}},"8":{"name":"(anonymous_8)","decl":{"start":{"line":59,"column":27},"end":{"line":59,"column":28}},"loc":{"start":{"line":59,"column":49},"end":{"line":59,"column":72}}},"9":{"name":"(anonymous_9)","decl":{"start":{"line":60,"column":31},"end":{"line":60,"column":32}},"loc":{"start":{"line":60,"column":53},"end":{"line":60,"column":80}}}},"branchMap":{},"s":{"0":7,"1":7,"2":7,"3":0,"4":0,"5":0,"6":0,"7":0,"8":7,"9":7,"10":0,"11":7,"12":7,"13":0,"14":7,"15":7,"16":0,"17":7,"18":7,"19":0,"20":7,"21":7,"22":0,"23":7,"24":7},"f":{"0":0,"1":0,"2":0,"3":0,"4":0,"5":0,"6":0,"7":0,"8":0,"9":0},"b":{}}
}
